<?xml version="1.0" encoding="UTF-8"?>
<coverage generated="1732682174054" clover="3.2.0">
  <project timestamp="1732682174054" name="All files">
    <metrics statements="5" coveredstatements="5" conditionals="0" coveredconditionals="0" methods="1" coveredmethods="1" elements="6" coveredelements="6" complexity="0" loc="5" ncloc="5" packages="1" files="1" classes="1"/>
    <file name="boton.tsx" path="C:\Users\arian\OneDrive\Desktop\NTT-DATA\mini-marketplace-v3\src\components\botones\boton.tsx">
      <metrics statements="5" coveredstatements="5" conditionals="0" coveredconditionals="0" methods="1" coveredmethods="1"/>
      <line num="1" count="1" type="stmt"/>
      <line num="11" count="1" type="stmt"/>
      <line num="12" count="5" type="stmt"/>
      <line num="14" count="5" type="stmt"/>
      <line num="21" count="1" type="stmt"/>
    </file>
  </project>
</coverage>
