{"C:\\Users\\arian\\OneDrive\\Desktop\\NTT-DATA\\mini-marketplace-v3\\src\\components\\botones\\boton.tsx": {"path":"C:\\Users\\arian\\OneDrive\\Desktop\\NTT-DATA\\mini-marketplace-v3\\src\\components\\botones\\boton.tsx","statementMap":{"0":{"start":{"line":1,"column":0},"end":{"line":1,"column":21}},"1":{"start":{"line":10,"column":36},"end":{"line":18,"column":1}},"2":{"start":{"line":11,"column":21},"end":{"line":11,"column":38}},"3":{"start":{"line":13,"column":2},"end":{"line":17,"column":4}},"4":{"start":{"line":20,"column":0},"end":{"line":20,"column":21}}},"fnMap":{"0":{"name":"(anonymous_0)","decl":{"start":{"line":10,"column":36},"end":{"line":10,"column":37}},"loc":{"start":{"line":10,"column":71},"end":{"line":18,"column":1}}}},"branchMap":{},"s":{"0":2,"1":2,"2":8,"3":8,"4":2},"f":{"0":8},"b":{}}
,"C:\\Users\\arian\\OneDrive\\Desktop\\NTT-DATA\\mini-marketplace-v3\\src\\components\\campo-formulario\\campo-formulario.tsx": {"path":"C:\\Users\\arian\\OneDrive\\Desktop\\NTT-DATA\\mini-marketplace-v3\\src\\components\\campo-formulario\\campo-formulario.tsx","statementMap":{"0":{"start":{"line":1,"column":0},"end":{"line":1,"column":31}},"1":{"start":{"line":17,"column":56},"end":{"line":46,"column":1}},"2":{"start":{"line":28,"column":2},"end":{"line":45,"column":4}},"3":{"start":{"line":48,"column":0},"end":{"line":48,"column":31}}},"fnMap":{"0":{"name":"(anonymous_0)","decl":{"start":{"line":17,"column":56},"end":{"line":17,"column":57}},"loc":{"start":{"line":27,"column":5},"end":{"line":46,"column":1}}}},"branchMap":{"0":{"loc":{"start":{"line":31,"column":7},"end":{"line":41,"column":null}},"type":"cond-expr","locations":[{"start":{"line":32,"column":8},"end":{"line":32,"column":17}},{"start":{"line":34,"column":8},"end":{"line":40,"column":null}}]},"1":{"loc":{"start":{"line":43,"column":7},"end":{"line":43,"column":68}},"type":"binary-expr","locations":[{"start":{"line":43,"column":7},"end":{"line":43,"column":19}},{"start":{"line":43,"column":23},"end":{"line":43,"column":68}}]}},"s":{"0":1,"1":1,"2":4,"3":1},"f":{"0":4},"b":{"0":[1,3],"1":[4,1]}}
,"C:\\Users\\arian\\OneDrive\\Desktop\\NTT-DATA\\mini-marketplace-v3\\src\\components\\card\\cardProductos.tsx": {"path":"C:\\Users\\arian\\OneDrive\\Desktop\\NTT-DATA\\mini-marketplace-v3\\src\\components\\card\\cardProductos.tsx","statementMap":{"0":{"start":{"line":2,"column":0},"end":{"line":2,"column":37}},"1":{"start":{"line":3,"column":0},"end":{"line":3,"column":29}},"2":{"start":{"line":10,"column":52},"end":{"line":40,"column":1}},"3":{"start":{"line":14,"column":58},"end":{"line":14,"column":65}},"4":{"start":{"line":16,"column":2},"end":{"line":39,"column":4}},"5":{"start":{"line":42,"column":0},"end":{"line":42,"column":29}}},"fnMap":{"0":{"name":"(anonymous_0)","decl":{"start":{"line":10,"column":52},"end":{"line":10,"column":53}},"loc":{"start":{"line":13,"column":5},"end":{"line":40,"column":1}}}},"branchMap":{"0":{"loc":{"start":{"line":19,"column":9},"end":{"line":24,"column":null}},"type":"binary-expr","locations":[{"start":{"line":19,"column":9},"end":{"line":19,"column":26}},{"start":{"line":20,"column":10},"end":{"line":23,"column":null}}]}},"s":{"0":1,"1":1,"2":1,"3":2,"4":2,"5":1},"f":{"0":2},"b":{"0":[2,2]}}
}
