{"C:\\Users\\arian\\OneDrive\\Desktop\\NTT-DATA\\mini-marketplace-v3\\src\\components\\botones\\boton.tsx": {"path":"C:\\Users\\arian\\OneDrive\\Desktop\\NTT-DATA\\mini-marketplace-v3\\src\\components\\botones\\boton.tsx","statementMap":{"0":{"start":{"line":1,"column":0},"end":{"line":1,"column":21}},"1":{"start":{"line":11,"column":36},"end":{"line":19,"column":1}},"2":{"start":{"line":12,"column":21},"end":{"line":12,"column":38}},"3":{"start":{"line":14,"column":2},"end":{"line":18,"column":4}},"4":{"start":{"line":21,"column":0},"end":{"line":21,"column":21}}},"fnMap":{"0":{"name":"(anonymous_0)","decl":{"start":{"line":11,"column":36},"end":{"line":11,"column":37}},"loc":{"start":{"line":11,"column":71},"end":{"line":19,"column":1}}}},"branchMap":{},"s":{"0":1,"1":1,"2":5,"3":5,"4":1},"f":{"0":5},"b":{}}
}
