TN:
SF:src/components/botones/boton.tsx
FN:10,(anonymous_0)
FNF:1
FNH:1
FNDA:8,(anonymous_0)
DA:1,2
DA:10,2
DA:11,8
DA:13,8
DA:20,2
LF:5
LH:5
BRF:0
BRH:0
end_of_record
TN:
SF:src/components/campo-formulario/campo-formulario.tsx
FN:17,(anonymous_0)
FNF:1
FNH:1
FNDA:4,(anonymous_0)
DA:1,1
DA:17,1
DA:28,4
DA:48,1
LF:4
LH:4
BRDA:31,0,0,1
BRDA:31,0,1,3
BRDA:43,1,0,4
BRDA:43,1,1,1
BRF:4
BRH:4
end_of_record
TN:
SF:src/components/card/cardProductos.tsx
FN:10,(anonymous_0)
FNF:1
FNH:1
FNDA:2,(anonymous_0)
DA:2,1
DA:3,1
DA:10,1
DA:14,2
DA:16,2
DA:42,1
LF:6
LH:6
BRDA:19,0,0,2
BRDA:19,0,1,2
BRF:2
BRH:2
end_of_record
